<?xml version="1.0" encoding="UTF-8"?>
<!-- Generated by org.testng.reporters.JUnitReportReporter -->
<testsuite hostname="NavyaPC" failures="0" tests="1" name="com.figbytes.Test.Administration_Data_Test" time="104.428" errors="0" timestamp="2022-09-08T14:22:37 IST" skipped="0">
  <testcase classname="com.figbytes.Test.Administration_Data_Test" name="contributor" time="104.428"/>
  <system-out/>
</testsuite> <!-- com.figbytes.Test.Administration_Data_Test -->
