<?xml version="1.0" encoding="UTF-8"?>
<!-- Generated by org.testng.reporters.JUnitReportReporter -->
<testsuite hostname="NavyaPC" failures="0" tests="9" name="com.figbytes.Test.Administration_DataRejection_Test" time="0.000" errors="0" timestamp="2022-09-20T19:07:42 IST" skipped="9">
  <testcase classname="com.figbytes.Test.Administration_DataRejection_Test" name="loginContributorTest" time="0.000">
    <skipped/>
  </testcase> <!-- loginContributorTest -->
  <system-out/>
  <testcase classname="com.figbytes.Test.Administration_DataRejection_Test" name="contributorDataProcess" time="0.000">
    <skipped/>
  </testcase> <!-- contributorDataProcess -->
  <system-out/>
  <testcase classname="com.figbytes.Test.Administration_DataRejection_Test" name="contributorLogOut" time="0.000">
    <skipped/>
  </testcase> <!-- contributorLogOut -->
  <system-out/>
  <testcase classname="com.figbytes.Test.Administration_DataRejection_Test" name="loginTest" time="0.000">
    <skipped/>
  </testcase> <!-- loginTest -->
  <system-out/>
  <testcase classname="com.figbytes.Test.Administration_DataRejection_Test" name="contributor" time="0.000">
    <skipped/>
  </testcase> <!-- contributor -->
  <system-out/>
  <testcase classname="com.figbytes.Test.Administration_DataRejection_Test" name="AdminlogoutTest" time="0.000">
    <skipped/>
  </testcase> <!-- AdminlogoutTest -->
  <system-out/>
  <testcase classname="com.figbytes.Test.Administration_DataRejection_Test" name="ReloginContributorTest" time="0.000">
    <skipped/>
  </testcase> <!-- ReloginContributorTest -->
  <system-out/>
  <testcase classname="com.figbytes.Test.Administration_DataRejection_Test" name="verifyStatusValue" time="0.000">
    <skipped/>
  </testcase> <!-- verifyStatusValue -->
  <system-out/>
  <testcase classname="com.figbytes.Test.Administration_DataRejection_Test" name="contributorReLogOut" time="0.000">
    <skipped/>
  </testcase> <!-- contributorReLogOut -->
  <system-out/>
</testsuite> <!-- com.figbytes.Test.Administration_DataRejection_Test -->
